Qflow route logfile created on 2018年 4月 28日 土曜日 20:27:52 JST
Qrouter detail maze router version 1.3.91.T
No Top-level Tk window available. . .
Reading LEF data from file /usr/local/share/qflow/tech/OpenRule1um/OpenRule1um_stdcells.lef.
LEF Read, Line 106: Don't know how to parse layer "via1"
LEF Read, Line 107: No layer defined for RECT.
LEF Read, Line 115: Don't know how to parse layer "via2"
LEF Read, Line 116: No layer defined for RECT.
LEF Read, Line 124: Don't know how to parse layer "via3"
LEF Read, Line 125: No layer defined for RECT.
LEF Read, Line 131: Unknown keyword "GENERATE" in LEF file; ignoring.
LEF Read, Line 135: Unknown keyword "OVERHANG" in LEF file; ignoring.
LEF Read, Line 136: Unknown keyword "METALOVERHANG" in LEF file; ignoring.
LEF Read, Line 140: Unknown keyword "OVERHANG" in LEF file; ignoring.
LEF Read, Line 141: Unknown keyword "METALOVERHANG" in LEF file; ignoring.
LEF Read, Line 142: Don't know how to parse layer "via1"
LEF Read, Line 143: No layer defined for RECT.
LEF Read, Line 147: Unknown keyword "GENERATE" in LEF file; ignoring.
LEF Read, Line 151: Unknown keyword "OVERHANG" in LEF file; ignoring.
LEF Read, Line 152: Unknown keyword "METALOVERHANG" in LEF file; ignoring.
LEF Read, Line 156: Unknown keyword "OVERHANG" in LEF file; ignoring.
LEF Read, Line 157: Unknown keyword "METALOVERHANG" in LEF file; ignoring.
LEF Read, Line 158: Don't know how to parse layer "via2"
LEF Read, Line 159: No layer defined for RECT.
LEF Read, Line 163: Unknown keyword "GENERATE" in LEF file; ignoring.
LEF Read, Line 167: Unknown keyword "OVERHANG" in LEF file; ignoring.
LEF Read, Line 168: Unknown keyword "METALOVERHANG" in LEF file; ignoring.
LEF Read, Line 172: Unknown keyword "OVERHANG" in LEF file; ignoring.
LEF Read, Line 173: Unknown keyword "METALOVERHANG" in LEF file; ignoring.
LEF Read, Line 174: Don't know how to parse layer "via3"
LEF Read, Line 175: No layer defined for RECT.
LEF Read, Line 179: Unknown keyword "GENERATE" in LEF file; ignoring.
LEF Read, Line 186: Unknown keyword "GENERATE" in LEF file; ignoring.
LEF Read, Line 193: Unknown keyword "GENERATE" in LEF file; ignoring.
LEF Read, Line 200: Unknown keyword "GENERATE" in LEF file; ignoring.
LEF file:  Defines site corner (ignored)
LEF file:  Defines site IO (ignored)
LEF file:  Defines site core (ignored)
LEF Read, Line 235: Unknown keyword "SHAPE" in LEF file; ignoring.
LEF Read, Line 244: Unknown keyword "SHAPE" in LEF file; ignoring.
LEF Read, Line 588: Macro END statement missing.
LEF Read, Line 590: Unknown keyword "MACRO" in LEF file; ignoring.
LEF Read, Line 669: Macro END statement missing.
LEF Read, Line 671: Unknown keyword "MACRO" in LEF file; ignoring.
LEF Read, Line 766: Macro END statement missing.
LEF Read, Line 768: Unknown keyword "MACRO" in LEF file; ignoring.
LEF Read, Line 774: Macro END statement missing.
LEF Read, Line 776: Unknown keyword "MACRO" in LEF file; ignoring.
LEF Read, Line 782: Macro END statement missing.
LEF Read, Line 784: Unknown keyword "MACRO" in LEF file; ignoring.
LEF Read, Line 790: Macro END statement missing.
LEF Read, Line 792: Unknown keyword "MACRO" in LEF file; ignoring.
LEF Read, Line 798: Macro END statement missing.
LEF Read, Line 800: Unknown keyword "MACRO" in LEF file; ignoring.
LEF Read, Line 827: Macro END statement missing.
LEF Read, Line 829: Unknown keyword "MACRO" in LEF file; ignoring.
LEF Read, Line 847: Unknown keyword "CLASS" in LEF file; ignoring.
LEF Read, Line 875: Macro END statement missing.
LEF Read, Line 877: Unknown keyword "MACRO" in LEF file; ignoring.
LEF Read, Line 895: Unknown keyword "CLASS" in LEF file; ignoring.
LEF Read, Line 924: Macro END statement missing.
LEF Read, Line 926: Unknown keyword "MACRO" in LEF file; ignoring.
LEF Read, Line 976: Macro END statement missing.
LEF Read, Line 978: Unknown keyword "MACRO" in LEF file; ignoring.
LEF Read, Line 1048: Macro END statement missing.
LEF Read, Line 1050: Unknown keyword "MACRO" in LEF file; ignoring.
LEF Read, Line 1073: Macro END statement missing.
LEF Read, Line 1075: Unknown keyword "MACRO" in LEF file; ignoring.
LEF Read, Line 1130: Macro END statement missing.
LEF Read, Line 1134: Macro END statement missing.
LEF read: Processed 1134 lines.
LEF Read: encountered 63 errors total.
Multiple vertical route layers at different pitches.  Using smaller pitch 1.6, will route on 1-of-N tracks if necessary.
Reading DEF data from file fa.def.
Diagnostic: Design name: "fa"
Multiple vertical route layers at different pitches.  Using pitch 1.6 and routing on 1-of-N tracks for larger pitches.
Multiple vertical route layers at different pitches.  Using pitch 1.6 and routing on 1-of-N tracks for larger pitches.
LEF Read, Line 16: Could not find a macro definition for "NAND2X1"
LEF Read, Line 17: Could not find a macro definition for "INVX1"
LEF Read, Line 18: Could not find a macro definition for "NAND2X1"
LEF Read, Line 19: Could not find a macro definition for "INVX1"
LEF Read, Line 20: Could not find a macro definition for "NAND2X1"
LEF Read, Line 21: Could not find a macro definition for "NAND2X1"
LEF Read, Line 22: Could not find a macro definition for "NAND2X1"
LEF Read, Line 23: Could not find a macro definition for "NAND2X1"
LEF Read, Line 24: Could not find a macro definition for "NAND2X1"
LEF Read, Line 25: Could not find a macro definition for "NAND2X1"
LEF Read, Line 26: Could not find a macro definition for "NAND2X1"
LEF Read, Line 27: Could not find a macro definition for "INVX1"
LEF Read, Line 30: Could not find a macro definition for "DFFNEGX1"
LEF Read, Line 31: Could not find a macro definition for "INVX1"
LEF Read, Line 32: Could not find a macro definition for "INVX1"
LEF Read, Line 33: Could not find a macro definition for "NAND2X1"
LEF Read, Line 34: Could not find a macro definition for "INVX1"
  Processed 19 subcell instances total.
  Processed 7 pins total.
  Processed 25 nets total.
DEF read: Processed 145 lines.
LEF Read: encountered 17 errors total.
Output scale = microns / 100, precision 1
There are 25 nets in this design.
*** Running stage1 routing with defaults
Finished routing net co
Nets remaining: 24
Finished routing net s
Nets remaining: 23
Finished routing net gnd
Nets remaining: 17

----------------------------------------------
Progress: Stage 1 total routes completed: 2
Failed net routes: 1
----------------------------------------------
*** Running stage2 routing with options mask 10, effort 10
Nets remaining: 1
Nets remaining: 1
Nets remaining: 1
Nets remaining: 1
Nets remaining: 1
Nets remaining: 1
Nets remaining: 1
Nets remaining: 1
Nets remaining: 1
Nets remaining: 1
Nets remaining: 1
Nets remaining: 1
Nets remaining: 1
Nets remaining: 1
Nets remaining: 1
Nets remaining: 1
Nets remaining: 1
Nets remaining: 1
Nets remaining: 1
Nets remaining: 1
Nets remaining: 1
Nets remaining: 1

No progress at level of effort 10; ending 2nd stage.

----------------------------------------------
Progress: Stage 2 total routes completed: 2
Failed net routes: 1
----------------------------------------------
*** Running stage2 routing with options mask 20, effort 10
Nets remaining: 1
Nets remaining: 1
Nets remaining: 1
Nets remaining: 1
Nets remaining: 1
Nets remaining: 1
Nets remaining: 1
Nets remaining: 1
Nets remaining: 1
Nets remaining: 1
Nets remaining: 1
Nets remaining: 1
Nets remaining: 1
Nets remaining: 1
Nets remaining: 1
Nets remaining: 1
Nets remaining: 1
Nets remaining: 1
Nets remaining: 1
Nets remaining: 1
Nets remaining: 1
Nets remaining: 1

No progress at level of effort 10; ending 2nd stage.

----------------------------------------------
Progress: Stage 2 total routes completed: 2
Failed net routes: 1
----------------------------------------------
*** Running stage2 routing with options mask 30, effort 10
Nets remaining: 1
Nets remaining: 1
Nets remaining: 1
Nets remaining: 1
Nets remaining: 1
Nets remaining: 1
Nets remaining: 1
Nets remaining: 1
Nets remaining: 1
Nets remaining: 1
Nets remaining: 1
Nets remaining: 1
Nets remaining: 1
Nets remaining: 1
Nets remaining: 1
Nets remaining: 1
Nets remaining: 1
Nets remaining: 1
Nets remaining: 1
Nets remaining: 1
Nets remaining: 1
Nets remaining: 1

No progress at level of effort 10; ending 2nd stage.

----------------------------------------------
Progress: Stage 2 total routes completed: 2
Failed net routes: 1
----------------------------------------------
*** Running stage2 routing with options mask 40, effort 10
Nets remaining: 1
Nets remaining: 1
Nets remaining: 1
Nets remaining: 1
Nets remaining: 1
Nets remaining: 1
Nets remaining: 1
Nets remaining: 1
Nets remaining: 1
Nets remaining: 1
Nets remaining: 1
Nets remaining: 1
Nets remaining: 1
Nets remaining: 1
Nets remaining: 1
Nets remaining: 1
Nets remaining: 1
Nets remaining: 1
Nets remaining: 1
Nets remaining: 1
Nets remaining: 1
Nets remaining: 1

No progress at level of effort 10; ending 2nd stage.

----------------------------------------------
Progress: Stage 2 total routes completed: 2
Failed net routes: 1
----------------------------------------------
*** Running stage2 routing with options mask 50, effort 10
Nets remaining: 1
Nets remaining: 1
Nets remaining: 1
Nets remaining: 1
Nets remaining: 1
Nets remaining: 1
Nets remaining: 1
Nets remaining: 1
Nets remaining: 1
Nets remaining: 1
Nets remaining: 1
Nets remaining: 1
Nets remaining: 1
Nets remaining: 1
Nets remaining: 1
Nets remaining: 1
Nets remaining: 1
Nets remaining: 1
Nets remaining: 1
Nets remaining: 1
Nets remaining: 1
Nets remaining: 1

No progress at level of effort 10; ending 2nd stage.

----------------------------------------------
Progress: Stage 2 total routes completed: 2
Failed net routes: 1
----------------------------------------------
*** Running stage2 routing with options mask 60, effort 10
Nets remaining: 1
Nets remaining: 1
Nets remaining: 1
Nets remaining: 1
Nets remaining: 1
Nets remaining: 1
Nets remaining: 1
Nets remaining: 1
Nets remaining: 1
Nets remaining: 1
Nets remaining: 1
Nets remaining: 1
Nets remaining: 1
Nets remaining: 1
Nets remaining: 1
Nets remaining: 1
Nets remaining: 1
Nets remaining: 1
Nets remaining: 1
Nets remaining: 1
Nets remaining: 1
Nets remaining: 1

No progress at level of effort 10; ending 2nd stage.

----------------------------------------------
Progress: Stage 2 total routes completed: 2
Failed net routes: 1
----------------------------------------------
*** Running stage2 routing with options mask 70, effort 10
Nets remaining: 1
Nets remaining: 1
Nets remaining: 1
Nets remaining: 1
Nets remaining: 1
Nets remaining: 1
Nets remaining: 1
Nets remaining: 1
Nets remaining: 1
Nets remaining: 1
Nets remaining: 1
Nets remaining: 1
Nets remaining: 1
Nets remaining: 1
Nets remaining: 1
Nets remaining: 1
Nets remaining: 1
Nets remaining: 1
Nets remaining: 1
Nets remaining: 1
Nets remaining: 1
Nets remaining: 1

No progress at level of effort 10; ending 2nd stage.

----------------------------------------------
Progress: Stage 2 total routes completed: 2
Failed net routes: 1
----------------------------------------------
*** Running stage2 routing with options mask 80, effort 10
Nets remaining: 1
Nets remaining: 1
Nets remaining: 1
Nets remaining: 1
Nets remaining: 1
Nets remaining: 1
Nets remaining: 1
Nets remaining: 1
Nets remaining: 1
Nets remaining: 1
Nets remaining: 1
Nets remaining: 1
Nets remaining: 1
Nets remaining: 1
Nets remaining: 1
Nets remaining: 1
Nets remaining: 1
Nets remaining: 1
Nets remaining: 1
Nets remaining: 1
Nets remaining: 1
Nets remaining: 1

No progress at level of effort 10; ending 2nd stage.

----------------------------------------------
Progress: Stage 2 total routes completed: 2
Failed net routes: 1
----------------------------------------------
*** Running stage2 routing with options mask 90, effort 10
Nets remaining: 1
Nets remaining: 1
Nets remaining: 1
Nets remaining: 1
Nets remaining: 1
Nets remaining: 1
Nets remaining: 1
Nets remaining: 1
Nets remaining: 1
Nets remaining: 1
Nets remaining: 1
Nets remaining: 1
Nets remaining: 1
Nets remaining: 1
Nets remaining: 1
Nets remaining: 1
Nets remaining: 1
Nets remaining: 1
Nets remaining: 1
Nets remaining: 1
Nets remaining: 1
Nets remaining: 1

No progress at level of effort 10; ending 2nd stage.

----------------------------------------------
Progress: Stage 2 total routes completed: 2
Failed net routes: 1
----------------------------------------------
*** Running stage2 routing with options mask 100, effort 10
Nets remaining: 1
Nets remaining: 1
Nets remaining: 1
Nets remaining: 1
Nets remaining: 1
Nets remaining: 1
Nets remaining: 1
Nets remaining: 1
Nets remaining: 1
Nets remaining: 1
Nets remaining: 1
Nets remaining: 1
Nets remaining: 1
Nets remaining: 1
Nets remaining: 1
Nets remaining: 1
Nets remaining: 1
Nets remaining: 1
Nets remaining: 1
Nets remaining: 1
Nets remaining: 1
Nets remaining: 1

No progress at level of effort 10; ending 2nd stage.

----------------------------------------------
Progress: Stage 2 total routes completed: 2
Failed net routes: 1
----------------------------------------------
*** Running stage2 routing with options mask none, effort 30
Nets remaining: 1
Nets remaining: 1
Nets remaining: 1
Nets remaining: 1
Nets remaining: 1
Nets remaining: 1
Nets remaining: 1
Nets remaining: 1
Nets remaining: 1
Nets remaining: 1
Nets remaining: 1
Nets remaining: 1
Nets remaining: 1
Nets remaining: 1
Nets remaining: 1
Nets remaining: 1
Nets remaining: 1
Nets remaining: 1
Nets remaining: 1
Nets remaining: 1
Nets remaining: 1
Nets remaining: 1
Nets remaining: 1
Nets remaining: 1
Nets remaining: 1
Nets remaining: 1
Nets remaining: 1
Nets remaining: 1
Nets remaining: 1
Nets remaining: 1
Nets remaining: 1
Nets remaining: 1
Nets remaining: 1
Nets remaining: 1
Nets remaining: 1
Nets remaining: 1
Nets remaining: 1
Nets remaining: 1
Nets remaining: 1
Nets remaining: 1
Nets remaining: 1
Nets remaining: 1
Nets remaining: 1
Nets remaining: 1
Nets remaining: 1
Nets remaining: 1
Nets remaining: 1
Nets remaining: 1
Nets remaining: 1
Nets remaining: 1
Nets remaining: 1
Nets remaining: 1
Nets remaining: 1
Nets remaining: 1
Nets remaining: 1
Nets remaining: 1
Nets remaining: 1
Nets remaining: 1
Nets remaining: 1
Nets remaining: 1
Nets remaining: 1
Nets remaining: 1

No progress at level of effort 30; ending 2nd stage.

----------------------------------------------
Progress: Stage 2 total routes completed: 2
Failed net routes: 1
----------------------------------------------
*** Running stage2 routing with options mask none, effort 40
Nets remaining: 1
Nets remaining: 1
Nets remaining: 1
Nets remaining: 1
Nets remaining: 1
Nets remaining: 1
Nets remaining: 1
Nets remaining: 1
Nets remaining: 1
Nets remaining: 1
Nets remaining: 1
Nets remaining: 1
Nets remaining: 1
Nets remaining: 1
Nets remaining: 1
Nets remaining: 1
Nets remaining: 1
Nets remaining: 1
Nets remaining: 1
Nets remaining: 1
Nets remaining: 1
Nets remaining: 1
Nets remaining: 1
Nets remaining: 1
Nets remaining: 1
Nets remaining: 1
Nets remaining: 1
Nets remaining: 1
Nets remaining: 1
Nets remaining: 1
Nets remaining: 1
Nets remaining: 1
Nets remaining: 1
Nets remaining: 1
Nets remaining: 1
Nets remaining: 1
Nets remaining: 1
Nets remaining: 1
Nets remaining: 1
Nets remaining: 1
Nets remaining: 1
Nets remaining: 1
Nets remaining: 1
Nets remaining: 1
Nets remaining: 1
Nets remaining: 1
Nets remaining: 1
Nets remaining: 1
Nets remaining: 1
Nets remaining: 1
Nets remaining: 1
Nets remaining: 1
Nets remaining: 1
Nets remaining: 1
Nets remaining: 1
Nets remaining: 1
Nets remaining: 1
Nets remaining: 1
Nets remaining: 1
Nets remaining: 1
Nets remaining: 1
Nets remaining: 1
Nets remaining: 1
Nets remaining: 1
Nets remaining: 1
Nets remaining: 1
Nets remaining: 1
Nets remaining: 1
Nets remaining: 1
Nets remaining: 1
Nets remaining: 1
Nets remaining: 1
Nets remaining: 1
Nets remaining: 1
Nets remaining: 1
Nets remaining: 1
Nets remaining: 1
Nets remaining: 1
Nets remaining: 1
Nets remaining: 1
Nets remaining: 1
Nets remaining: 1

No progress at level of effort 40; ending 2nd stage.

----------------------------------------------
Progress: Stage 2 total routes completed: 2
Failed net routes: 1
----------------------------------------------
*** Running stage3 routing with defaults, 1st round
Finished routing net co
Nets remaining: 24
Finished routing net s
Nets remaining: 23
Finished routing net gnd
Nets remaining: 17

----------------------------------------------
Progress: Stage 3 total routes completed: 4
Failed net routes: 1
----------------------------------------------
*** Running stage2 routing with options mask none
Nets remaining: 1
Nets remaining: 1
Nets remaining: 1
Nets remaining: 1
Nets remaining: 1
Nets remaining: 1
Nets remaining: 1
Nets remaining: 1
Nets remaining: 1
Nets remaining: 1
Nets remaining: 1
Nets remaining: 1
Nets remaining: 1
Nets remaining: 1
Nets remaining: 1
Nets remaining: 1
Nets remaining: 1
Nets remaining: 1
Nets remaining: 1
Nets remaining: 1
Nets remaining: 1
Nets remaining: 1
Nets remaining: 1
Nets remaining: 1
Nets remaining: 1
Nets remaining: 1
Nets remaining: 1
Nets remaining: 1
Nets remaining: 1
Nets remaining: 1
Nets remaining: 1
Nets remaining: 1
Nets remaining: 1
Nets remaining: 1
Nets remaining: 1
Nets remaining: 1
Nets remaining: 1
Nets remaining: 1
Nets remaining: 1
Nets remaining: 1
Nets remaining: 1
Nets remaining: 1
Nets remaining: 1
Nets remaining: 1
Nets remaining: 1
Nets remaining: 1
Nets remaining: 1
Nets remaining: 1
Nets remaining: 1
Nets remaining: 1
Nets remaining: 1
Nets remaining: 1
Nets remaining: 1
Nets remaining: 1
Nets remaining: 1
Nets remaining: 1
Nets remaining: 1
Nets remaining: 1
Nets remaining: 1
Nets remaining: 1
Nets remaining: 1
Nets remaining: 1
Nets remaining: 1
Nets remaining: 1
Nets remaining: 1
Nets remaining: 1
Nets remaining: 1
Nets remaining: 1
Nets remaining: 1
Nets remaining: 1
Nets remaining: 1
Nets remaining: 1
Nets remaining: 1
Nets remaining: 1
Nets remaining: 1
Nets remaining: 1
Nets remaining: 1
Nets remaining: 1
Nets remaining: 1
Nets remaining: 1
Nets remaining: 1
Nets remaining: 1
Nets remaining: 1
Nets remaining: 1
Nets remaining: 1
Nets remaining: 1
Nets remaining: 1
Nets remaining: 1
Nets remaining: 1
Nets remaining: 1
Nets remaining: 1
Nets remaining: 1
Nets remaining: 1
Nets remaining: 1
Nets remaining: 1
Nets remaining: 1
Nets remaining: 1
Nets remaining: 1
Nets remaining: 1
Nets remaining: 1
Nets remaining: 1
Nets remaining: 1
Nets remaining: 1
Nets remaining: 1
Nets remaining: 1
Nets remaining: 1
Nets remaining: 1
Nets remaining: 1
Nets remaining: 1
Nets remaining: 1
Nets remaining: 1
Nets remaining: 1
Nets remaining: 1
Nets remaining: 1
Nets remaining: 1
Nets remaining: 1
Nets remaining: 1
Nets remaining: 1
Nets remaining: 1
Nets remaining: 1
Nets remaining: 1
Nets remaining: 1
Nets remaining: 1
Nets remaining: 1
Nets remaining: 1
Nets remaining: 1
Nets remaining: 1
Nets remaining: 1
Nets remaining: 1
Nets remaining: 1
Nets remaining: 1
Nets remaining: 1
Nets remaining: 1
Nets remaining: 1
Nets remaining: 1
Nets remaining: 1
Nets remaining: 1
Nets remaining: 1
Nets remaining: 1
Nets remaining: 1
Nets remaining: 1
Nets remaining: 1
Nets remaining: 1
Nets remaining: 1
Nets remaining: 1
Nets remaining: 1
Nets remaining: 1
Nets remaining: 1
Nets remaining: 1
Nets remaining: 1
Nets remaining: 1
Nets remaining: 1
Nets remaining: 1
Nets remaining: 1
Nets remaining: 1
Nets remaining: 1
Nets remaining: 1
Nets remaining: 1
Nets remaining: 1
Nets remaining: 1
Nets remaining: 1
Nets remaining: 1
Nets remaining: 1
Nets remaining: 1
Nets remaining: 1
Nets remaining: 1
Nets remaining: 1
Nets remaining: 1
Nets remaining: 1
Nets remaining: 1
Nets remaining: 1
Nets remaining: 1
Nets remaining: 1
Nets remaining: 1
Nets remaining: 1
Nets remaining: 1
Nets remaining: 1
Nets remaining: 1
Nets remaining: 1
Nets remaining: 1
Nets remaining: 1
Nets remaining: 1
Nets remaining: 1
Nets remaining: 1
Nets remaining: 1
Nets remaining: 1
Nets remaining: 1
Nets remaining: 1
Nets remaining: 1
Nets remaining: 1
Nets remaining: 1
Nets remaining: 1
Nets remaining: 1
Nets remaining: 1
Nets remaining: 1
Nets remaining: 1
Nets remaining: 1
Nets remaining: 1
Nets remaining: 1
Nets remaining: 1
Nets remaining: 1
Nets remaining: 1

No progress at level of effort 100; ending 2nd stage.

----------------------------------------------
Progress: Stage 2 total routes completed: 4
Failed net routes: 1
----------------------------------------------
*** Running stage3 routing with defaults, 2nd round
Finished routing net co
Nets remaining: 24
Finished routing net s
Nets remaining: 23
Finished routing net gnd
Nets remaining: 17

----------------------------------------------
Progress: Stage 3 total routes completed: 6
Failed net routes: 1
----------------------------------------------
*** Running stage2 routing with options mask none
Nets remaining: 1
Nets remaining: 1
Nets remaining: 1
Nets remaining: 1
Nets remaining: 1
Nets remaining: 1
Nets remaining: 1
Nets remaining: 1
Nets remaining: 1
Nets remaining: 1
Nets remaining: 1
Nets remaining: 1
Nets remaining: 1
Nets remaining: 1
Nets remaining: 1
Nets remaining: 1
Nets remaining: 1
Nets remaining: 1
Nets remaining: 1
Nets remaining: 1
Nets remaining: 1
Nets remaining: 1
Nets remaining: 1
Nets remaining: 1
Nets remaining: 1
Nets remaining: 1
Nets remaining: 1
Nets remaining: 1
Nets remaining: 1
Nets remaining: 1
Nets remaining: 1
Nets remaining: 1
Nets remaining: 1
Nets remaining: 1
Nets remaining: 1
Nets remaining: 1
Nets remaining: 1
Nets remaining: 1
Nets remaining: 1
Nets remaining: 1
Nets remaining: 1
Nets remaining: 1
Nets remaining: 1
Nets remaining: 1
Nets remaining: 1
Nets remaining: 1
Nets remaining: 1
Nets remaining: 1
Nets remaining: 1
Nets remaining: 1
Nets remaining: 1
Nets remaining: 1
Nets remaining: 1
Nets remaining: 1
Nets remaining: 1
Nets remaining: 1
Nets remaining: 1
Nets remaining: 1
Nets remaining: 1
Nets remaining: 1
Nets remaining: 1
Nets remaining: 1
Nets remaining: 1
Nets remaining: 1
Nets remaining: 1
Nets remaining: 1
Nets remaining: 1
Nets remaining: 1
Nets remaining: 1
Nets remaining: 1
Nets remaining: 1
Nets remaining: 1
Nets remaining: 1
Nets remaining: 1
Nets remaining: 1
Nets remaining: 1
Nets remaining: 1
Nets remaining: 1
Nets remaining: 1
Nets remaining: 1
Nets remaining: 1
Nets remaining: 1
Nets remaining: 1
Nets remaining: 1
Nets remaining: 1
Nets remaining: 1
Nets remaining: 1
Nets remaining: 1
Nets remaining: 1
Nets remaining: 1
Nets remaining: 1
Nets remaining: 1
Nets remaining: 1
Nets remaining: 1
Nets remaining: 1
Nets remaining: 1
Nets remaining: 1
Nets remaining: 1
Nets remaining: 1
Nets remaining: 1
Nets remaining: 1
Nets remaining: 1
Nets remaining: 1
Nets remaining: 1
Nets remaining: 1
Nets remaining: 1
Nets remaining: 1
Nets remaining: 1
Nets remaining: 1
Nets remaining: 1
Nets remaining: 1
Nets remaining: 1
Nets remaining: 1
Nets remaining: 1
Nets remaining: 1
Nets remaining: 1
Nets remaining: 1
Nets remaining: 1
Nets remaining: 1
Nets remaining: 1
Nets remaining: 1
Nets remaining: 1
Nets remaining: 1
Nets remaining: 1
Nets remaining: 1
Nets remaining: 1
Nets remaining: 1
Nets remaining: 1
Nets remaining: 1
Nets remaining: 1
Nets remaining: 1
Nets remaining: 1
Nets remaining: 1
Nets remaining: 1
Nets remaining: 1
Nets remaining: 1
Nets remaining: 1
Nets remaining: 1
Nets remaining: 1
Nets remaining: 1
Nets remaining: 1
Nets remaining: 1
Nets remaining: 1
Nets remaining: 1
Nets remaining: 1
Nets remaining: 1
Nets remaining: 1
Nets remaining: 1
Nets remaining: 1
Nets remaining: 1
Nets remaining: 1
Nets remaining: 1
Nets remaining: 1
Nets remaining: 1
Nets remaining: 1
Nets remaining: 1
Nets remaining: 1
Nets remaining: 1
Nets remaining: 1
Nets remaining: 1
Nets remaining: 1
Nets remaining: 1
Nets remaining: 1
Nets remaining: 1
Nets remaining: 1
Nets remaining: 1
Nets remaining: 1
Nets remaining: 1
Nets remaining: 1
Nets remaining: 1
Nets remaining: 1
Nets remaining: 1
Nets remaining: 1
Nets remaining: 1
Nets remaining: 1
Nets remaining: 1
Nets remaining: 1
Nets remaining: 1
Nets remaining: 1
Nets remaining: 1
Nets remaining: 1
Nets remaining: 1
Nets remaining: 1
Nets remaining: 1
Nets remaining: 1
Nets remaining: 1
Nets remaining: 1
Nets remaining: 1
Nets remaining: 1
Nets remaining: 1
Nets remaining: 1
Nets remaining: 1
Nets remaining: 1
Nets remaining: 1
Nets remaining: 1
Nets remaining: 1
Nets remaining: 1
Nets remaining: 1
Nets remaining: 1
Nets remaining: 1
Nets remaining: 1
Nets remaining: 1

No progress at level of effort 100; ending 2nd stage.

----------------------------------------------
Progress: Stage 2 total routes completed: 6
Failed net routes: 1
----------------------------------------------
*** Running stage2 routing with options mask none
Nets remaining: 1
Nets remaining: 1
Nets remaining: 1
Nets remaining: 1
Nets remaining: 1
Nets remaining: 1
Nets remaining: 1
Nets remaining: 1
Nets remaining: 1
Nets remaining: 1
Nets remaining: 1
Nets remaining: 1
Nets remaining: 1
Nets remaining: 1
Nets remaining: 1
Nets remaining: 1
Nets remaining: 1
Nets remaining: 1
Nets remaining: 1
Nets remaining: 1
Nets remaining: 1
Nets remaining: 1
Nets remaining: 1
Nets remaining: 1
Nets remaining: 1
Nets remaining: 1
Nets remaining: 1
Nets remaining: 1
Nets remaining: 1
Nets remaining: 1
Nets remaining: 1
Nets remaining: 1
Nets remaining: 1
Nets remaining: 1
Nets remaining: 1
Nets remaining: 1
Nets remaining: 1
Nets remaining: 1
Nets remaining: 1
Nets remaining: 1
Nets remaining: 1
Nets remaining: 1
Nets remaining: 1
Nets remaining: 1
Nets remaining: 1
Nets remaining: 1
Nets remaining: 1
Nets remaining: 1
Nets remaining: 1
Nets remaining: 1
Nets remaining: 1
Nets remaining: 1
Nets remaining: 1
Nets remaining: 1
Nets remaining: 1
Nets remaining: 1
Nets remaining: 1
Nets remaining: 1
Nets remaining: 1
Nets remaining: 1
Nets remaining: 1
Nets remaining: 1
Nets remaining: 1
Nets remaining: 1
Nets remaining: 1
Nets remaining: 1
Nets remaining: 1
Nets remaining: 1
Nets remaining: 1
Nets remaining: 1
Nets remaining: 1
Nets remaining: 1
Nets remaining: 1
Nets remaining: 1
Nets remaining: 1
Nets remaining: 1
Nets remaining: 1
Nets remaining: 1
Nets remaining: 1
Nets remaining: 1
Nets remaining: 1
Nets remaining: 1
Nets remaining: 1
Nets remaining: 1
Nets remaining: 1
Nets remaining: 1
Nets remaining: 1
Nets remaining: 1
Nets remaining: 1
Nets remaining: 1
Nets remaining: 1
Nets remaining: 1
Nets remaining: 1
Nets remaining: 1
Nets remaining: 1
Nets remaining: 1
Nets remaining: 1
Nets remaining: 1
Nets remaining: 1
Nets remaining: 1
Nets remaining: 1
Nets remaining: 1
Nets remaining: 1
Nets remaining: 1
Nets remaining: 1
Nets remaining: 1
Nets remaining: 1
Nets remaining: 1
Nets remaining: 1
Nets remaining: 1
Nets remaining: 1
Nets remaining: 1
Nets remaining: 1
Nets remaining: 1
Nets remaining: 1
Nets remaining: 1
Nets remaining: 1
Nets remaining: 1
Nets remaining: 1
Nets remaining: 1
Nets remaining: 1
Nets remaining: 1
Nets remaining: 1
Nets remaining: 1
Nets remaining: 1
Nets remaining: 1
Nets remaining: 1
Nets remaining: 1
Nets remaining: 1
Nets remaining: 1
Nets remaining: 1
Nets remaining: 1
Nets remaining: 1
Nets remaining: 1
Nets remaining: 1
Nets remaining: 1
Nets remaining: 1
Nets remaining: 1
Nets remaining: 1
Nets remaining: 1
Nets remaining: 1
Nets remaining: 1
Nets remaining: 1
Nets remaining: 1
Nets remaining: 1
Nets remaining: 1
Nets remaining: 1
Nets remaining: 1
Nets remaining: 1
Nets remaining: 1
Nets remaining: 1
Nets remaining: 1
Nets remaining: 1
Nets remaining: 1
Nets remaining: 1
Nets remaining: 1
Nets remaining: 1
Nets remaining: 1
Nets remaining: 1
Nets remaining: 1
Nets remaining: 1
Nets remaining: 1
Nets remaining: 1
Nets remaining: 1
Nets remaining: 1
Nets remaining: 1
Nets remaining: 1
Nets remaining: 1
Nets remaining: 1
Nets remaining: 1
Nets remaining: 1
Nets remaining: 1
Nets remaining: 1
Nets remaining: 1
Nets remaining: 1
Nets remaining: 1
Nets remaining: 1
Nets remaining: 1
Nets remaining: 1
Nets remaining: 1
Nets remaining: 1
Nets remaining: 1
Nets remaining: 1
Nets remaining: 1
Nets remaining: 1
Nets remaining: 1
Nets remaining: 1
Nets remaining: 1
Nets remaining: 1
Nets remaining: 1
Nets remaining: 1
Nets remaining: 1
Nets remaining: 1
Nets remaining: 1
Nets remaining: 1
Nets remaining: 1
Nets remaining: 1
Nets remaining: 1
Nets remaining: 1
Nets remaining: 1
Nets remaining: 1
Nets remaining: 1

No progress at level of effort 100; ending 2nd stage.

----------------------------------------------
Progress: Stage 2 total routes completed: 6
Failed net routes: 1
----------------------------------------------
*** Running stage2 routing with options mask none
Nets remaining: 1
Nets remaining: 1
Nets remaining: 1
Nets remaining: 1
Nets remaining: 1
Nets remaining: 1
Nets remaining: 1
Nets remaining: 1
Nets remaining: 1
Nets remaining: 1
Nets remaining: 1
Nets remaining: 1
Nets remaining: 1
Nets remaining: 1
Nets remaining: 1
Nets remaining: 1
Nets remaining: 1
Nets remaining: 1
Nets remaining: 1
Nets remaining: 1
Nets remaining: 1
Nets remaining: 1
Nets remaining: 1
Nets remaining: 1
Nets remaining: 1
Nets remaining: 1
Nets remaining: 1
Nets remaining: 1
Nets remaining: 1
Nets remaining: 1
Nets remaining: 1
Nets remaining: 1
Nets remaining: 1
Nets remaining: 1
Nets remaining: 1
Nets remaining: 1
Nets remaining: 1
Nets remaining: 1
Nets remaining: 1
Nets remaining: 1
Nets remaining: 1
Nets remaining: 1
Nets remaining: 1
Nets remaining: 1
Nets remaining: 1
Nets remaining: 1
Nets remaining: 1
Nets remaining: 1
Nets remaining: 1
Nets remaining: 1
Nets remaining: 1
Nets remaining: 1
Nets remaining: 1
Nets remaining: 1
Nets remaining: 1
Nets remaining: 1
Nets remaining: 1
Nets remaining: 1
Nets remaining: 1
Nets remaining: 1
Nets remaining: 1
Nets remaining: 1
Nets remaining: 1
Nets remaining: 1
Nets remaining: 1
Nets remaining: 1
Nets remaining: 1
Nets remaining: 1
Nets remaining: 1
Nets remaining: 1
Nets remaining: 1
Nets remaining: 1
Nets remaining: 1
Nets remaining: 1
Nets remaining: 1
Nets remaining: 1
Nets remaining: 1
Nets remaining: 1
Nets remaining: 1
Nets remaining: 1
Nets remaining: 1
Nets remaining: 1
Nets remaining: 1
Nets remaining: 1
Nets remaining: 1
Nets remaining: 1
Nets remaining: 1
Nets remaining: 1
Nets remaining: 1
Nets remaining: 1
Nets remaining: 1
Nets remaining: 1
Nets remaining: 1
Nets remaining: 1
Nets remaining: 1
Nets remaining: 1
Nets remaining: 1
Nets remaining: 1
Nets remaining: 1
Nets remaining: 1
Nets remaining: 1
Nets remaining: 1
Nets remaining: 1
Nets remaining: 1
Nets remaining: 1
Nets remaining: 1
Nets remaining: 1
Nets remaining: 1
Nets remaining: 1
Nets remaining: 1
Nets remaining: 1
Nets remaining: 1
Nets remaining: 1
Nets remaining: 1
Nets remaining: 1
Nets remaining: 1
Nets remaining: 1
Nets remaining: 1
Nets remaining: 1
Nets remaining: 1
Nets remaining: 1
Nets remaining: 1
Nets remaining: 1
Nets remaining: 1
Nets remaining: 1
Nets remaining: 1
Nets remaining: 1
Nets remaining: 1
Nets remaining: 1
Nets remaining: 1
Nets remaining: 1
Nets remaining: 1
Nets remaining: 1
Nets remaining: 1
Nets remaining: 1
Nets remaining: 1
Nets remaining: 1
Nets remaining: 1
Nets remaining: 1
Nets remaining: 1
Nets remaining: 1
Nets remaining: 1
Nets remaining: 1
Nets remaining: 1
Nets remaining: 1
Nets remaining: 1
Nets remaining: 1
Nets remaining: 1
Nets remaining: 1
Nets remaining: 1
Nets remaining: 1
Nets remaining: 1
Nets remaining: 1
Nets remaining: 1
Nets remaining: 1
Nets remaining: 1
Nets remaining: 1
Nets remaining: 1
Nets remaining: 1
Nets remaining: 1
Nets remaining: 1
Nets remaining: 1
Nets remaining: 1
Nets remaining: 1
Nets remaining: 1
Nets remaining: 1
Nets remaining: 1
Nets remaining: 1
Nets remaining: 1
Nets remaining: 1
Nets remaining: 1
Nets remaining: 1
Nets remaining: 1
Nets remaining: 1
Nets remaining: 1
Nets remaining: 1
Nets remaining: 1
Nets remaining: 1
Nets remaining: 1
Nets remaining: 1
Nets remaining: 1
Nets remaining: 1
Nets remaining: 1
Nets remaining: 1
Nets remaining: 1
Nets remaining: 1
Nets remaining: 1
Nets remaining: 1
Nets remaining: 1
Nets remaining: 1
Nets remaining: 1
Nets remaining: 1
Nets remaining: 1
Nets remaining: 1
Nets remaining: 1
Nets remaining: 1
Nets remaining: 1
Nets remaining: 1
Nets remaining: 1
Nets remaining: 1
Nets remaining: 1
Nets remaining: 1

No progress at level of effort 100; ending 2nd stage.

----------------------------------------------
Progress: Stage 2 total routes completed: 6
Failed net routes: 1
----------------------------------------------
*** Running stage2 routing with options mask none
Nets remaining: 1
Nets remaining: 1
Nets remaining: 1
Nets remaining: 1
Nets remaining: 1
Nets remaining: 1
Nets remaining: 1
Nets remaining: 1
Nets remaining: 1
Nets remaining: 1
Nets remaining: 1
Nets remaining: 1
Nets remaining: 1
Nets remaining: 1
Nets remaining: 1
Nets remaining: 1
Nets remaining: 1
Nets remaining: 1
Nets remaining: 1
Nets remaining: 1
Nets remaining: 1
Nets remaining: 1
Nets remaining: 1
Nets remaining: 1
Nets remaining: 1
Nets remaining: 1
Nets remaining: 1
Nets remaining: 1
Nets remaining: 1
Nets remaining: 1
Nets remaining: 1
Nets remaining: 1
Nets remaining: 1
Nets remaining: 1
Nets remaining: 1
Nets remaining: 1
Nets remaining: 1
Nets remaining: 1
Nets remaining: 1
Nets remaining: 1
Nets remaining: 1
Nets remaining: 1
Nets remaining: 1
Nets remaining: 1
Nets remaining: 1
Nets remaining: 1
Nets remaining: 1
Nets remaining: 1
Nets remaining: 1
Nets remaining: 1
Nets remaining: 1
Nets remaining: 1
Nets remaining: 1
Nets remaining: 1
Nets remaining: 1
Nets remaining: 1
Nets remaining: 1
Nets remaining: 1
Nets remaining: 1
Nets remaining: 1
Nets remaining: 1
Nets remaining: 1
Nets remaining: 1
Nets remaining: 1
Nets remaining: 1
Nets remaining: 1
Nets remaining: 1
Nets remaining: 1
Nets remaining: 1
Nets remaining: 1
Nets remaining: 1
Nets remaining: 1
Nets remaining: 1
Nets remaining: 1
Nets remaining: 1
Nets remaining: 1
Nets remaining: 1
Nets remaining: 1
Nets remaining: 1
Nets remaining: 1
Nets remaining: 1
Nets remaining: 1
Nets remaining: 1
Nets remaining: 1
Nets remaining: 1
Nets remaining: 1
Nets remaining: 1
Nets remaining: 1
Nets remaining: 1
Nets remaining: 1
Nets remaining: 1
Nets remaining: 1
Nets remaining: 1
Nets remaining: 1
Nets remaining: 1
Nets remaining: 1
Nets remaining: 1
Nets remaining: 1
Nets remaining: 1
Nets remaining: 1
Nets remaining: 1
Nets remaining: 1
Nets remaining: 1
Nets remaining: 1
Nets remaining: 1
Nets remaining: 1
Nets remaining: 1
Nets remaining: 1
Nets remaining: 1
Nets remaining: 1
Nets remaining: 1
Nets remaining: 1
Nets remaining: 1
Nets remaining: 1
Nets remaining: 1
Nets remaining: 1
Nets remaining: 1
Nets remaining: 1
Nets remaining: 1
Nets remaining: 1
Nets remaining: 1
Nets remaining: 1
Nets remaining: 1
Nets remaining: 1
Nets remaining: 1
Nets remaining: 1
Nets remaining: 1
Nets remaining: 1
Nets remaining: 1
Nets remaining: 1
Nets remaining: 1
Nets remaining: 1
Nets remaining: 1
Nets remaining: 1
Nets remaining: 1
Nets remaining: 1
Nets remaining: 1
Nets remaining: 1
Nets remaining: 1
Nets remaining: 1
Nets remaining: 1
Nets remaining: 1
Nets remaining: 1
Nets remaining: 1
Nets remaining: 1
Nets remaining: 1
Nets remaining: 1
Nets remaining: 1
Nets remaining: 1
Nets remaining: 1
Nets remaining: 1
Nets remaining: 1
Nets remaining: 1
Nets remaining: 1
Nets remaining: 1
Nets remaining: 1
Nets remaining: 1
Nets remaining: 1
Nets remaining: 1
Nets remaining: 1
Nets remaining: 1
Nets remaining: 1
Nets remaining: 1
Nets remaining: 1
Nets remaining: 1
Nets remaining: 1
Nets remaining: 1
Nets remaining: 1
Nets remaining: 1
Nets remaining: 1
Nets remaining: 1
Nets remaining: 1
Nets remaining: 1
Nets remaining: 1
Nets remaining: 1
Nets remaining: 1
Nets remaining: 1
Nets remaining: 1
Nets remaining: 1
Nets remaining: 1
Nets remaining: 1
Nets remaining: 1
Nets remaining: 1
Nets remaining: 1
Nets remaining: 1
Nets remaining: 1
Nets remaining: 1
Nets remaining: 1
Nets remaining: 1
Nets remaining: 1
Nets remaining: 1
Nets remaining: 1
Nets remaining: 1
Nets remaining: 1
Nets remaining: 1
Nets remaining: 1
Nets remaining: 1
Nets remaining: 1
Nets remaining: 1
Nets remaining: 1
Nets remaining: 1
Nets remaining: 1

No progress at level of effort 100; ending 2nd stage.

----------------------------------------------
Progress: Stage 2 total routes completed: 6
Failed net routes: 1
----------------------------------------------
*** Running stage2 routing with options mask none
Nets remaining: 1
Nets remaining: 1
Nets remaining: 1
Nets remaining: 1
Nets remaining: 1
Nets remaining: 1
Nets remaining: 1
Nets remaining: 1
Nets remaining: 1
Nets remaining: 1
Nets remaining: 1
Nets remaining: 1
Nets remaining: 1
Nets remaining: 1
Nets remaining: 1
Nets remaining: 1
Nets remaining: 1
Nets remaining: 1
Nets remaining: 1
Nets remaining: 1
Nets remaining: 1
Nets remaining: 1
Nets remaining: 1
Nets remaining: 1
Nets remaining: 1
Nets remaining: 1
Nets remaining: 1
Nets remaining: 1
Nets remaining: 1
Nets remaining: 1
Nets remaining: 1
Nets remaining: 1
Nets remaining: 1
Nets remaining: 1
Nets remaining: 1
Nets remaining: 1
Nets remaining: 1
Nets remaining: 1
Nets remaining: 1
Nets remaining: 1
Nets remaining: 1
Nets remaining: 1
Nets remaining: 1
Nets remaining: 1
Nets remaining: 1
Nets remaining: 1
Nets remaining: 1
Nets remaining: 1
Nets remaining: 1
Nets remaining: 1
Nets remaining: 1
Nets remaining: 1
Nets remaining: 1
Nets remaining: 1
Nets remaining: 1
Nets remaining: 1
Nets remaining: 1
Nets remaining: 1
Nets remaining: 1
Nets remaining: 1
Nets remaining: 1
Nets remaining: 1
Nets remaining: 1
Nets remaining: 1
Nets remaining: 1
Nets remaining: 1
Nets remaining: 1
Nets remaining: 1
Nets remaining: 1
Nets remaining: 1
Nets remaining: 1
Nets remaining: 1
Nets remaining: 1
Nets remaining: 1
Nets remaining: 1
Nets remaining: 1
Nets remaining: 1
Nets remaining: 1
Nets remaining: 1
Nets remaining: 1
Nets remaining: 1
Nets remaining: 1
Nets remaining: 1
Nets remaining: 1
Nets remaining: 1
Nets remaining: 1
Nets remaining: 1
Nets remaining: 1
Nets remaining: 1
Nets remaining: 1
Nets remaining: 1
Nets remaining: 1
Nets remaining: 1
Nets remaining: 1
Nets remaining: 1
Nets remaining: 1
Nets remaining: 1
Nets remaining: 1
Nets remaining: 1
Nets remaining: 1
Nets remaining: 1
Nets remaining: 1
Nets remaining: 1
Nets remaining: 1
Nets remaining: 1
Nets remaining: 1
Nets remaining: 1
Nets remaining: 1
Nets remaining: 1
Nets remaining: 1
Nets remaining: 1
Nets remaining: 1
Nets remaining: 1
Nets remaining: 1
Nets remaining: 1
Nets remaining: 1
Nets remaining: 1
Nets remaining: 1
Nets remaining: 1
Nets remaining: 1
Nets remaining: 1
Nets remaining: 1
Nets remaining: 1
Nets remaining: 1
Nets remaining: 1
Nets remaining: 1
Nets remaining: 1
Nets remaining: 1
Nets remaining: 1
Nets remaining: 1
Nets remaining: 1
Nets remaining: 1
Nets remaining: 1
Nets remaining: 1
Nets remaining: 1
Nets remaining: 1
Nets remaining: 1
Nets remaining: 1
Nets remaining: 1
Nets remaining: 1
Nets remaining: 1
Nets remaining: 1
Nets remaining: 1
Nets remaining: 1
Nets remaining: 1
Nets remaining: 1
Nets remaining: 1
Nets remaining: 1
Nets remaining: 1
Nets remaining: 1
Nets remaining: 1
Nets remaining: 1
Nets remaining: 1
Nets remaining: 1
Nets remaining: 1
Nets remaining: 1
Nets remaining: 1
Nets remaining: 1
Nets remaining: 1
Nets remaining: 1
Nets remaining: 1
Nets remaining: 1
Nets remaining: 1
Nets remaining: 1
Nets remaining: 1
Nets remaining: 1
Nets remaining: 1
Nets remaining: 1
Nets remaining: 1
Nets remaining: 1
Nets remaining: 1
Nets remaining: 1
Nets remaining: 1
Nets remaining: 1
Nets remaining: 1
Nets remaining: 1
Nets remaining: 1
Nets remaining: 1
Nets remaining: 1
Nets remaining: 1
Nets remaining: 1
Nets remaining: 1
Nets remaining: 1
Nets remaining: 1
Nets remaining: 1
Nets remaining: 1
Nets remaining: 1
Nets remaining: 1
Nets remaining: 1
Nets remaining: 1
Nets remaining: 1
Nets remaining: 1
Nets remaining: 1
Nets remaining: 1
Nets remaining: 1
Nets remaining: 1
Nets remaining: 1
Nets remaining: 1
Nets remaining: 1
Nets remaining: 1
Nets remaining: 1
Nets remaining: 1

No progress at level of effort 100; ending 2nd stage.

----------------------------------------------
Progress: Stage 2 total routes completed: 6
Failed net routes: 1
----------------------------------------------
*** Writing DEF file fa_route.def
----------------------------------------------
Final: Failed net routes: 1
List of failed nets follows:
 gnd

----------------------------------------------
Router script ended on 2018年 4月 28日 土曜日 20:27:56 JST
