#! /usr/local/bin/vvp
:ivl_version "11.0 (devel)" "(s20150603-525-gc38ca21)";
:ivl_delay_selection "TYPICAL";
:vpi_time_precision - 12;
:vpi_module "system";
:vpi_module "vhdl_sys";
:vpi_module "vhdl_textio";
:vpi_module "v2005_math";
:vpi_module "va_math";
S_0x914900 .scope module, "fa_tb" "fa_tb" 2 17;
 .timescale -9 -12;
v0x93d500_0 .net *"_s5", 2 0, v0x93da00_0;  1 drivers
v0x93d600_0 .net "a", 0 0, L_0x93dcd0;  1 drivers
v0x93d6c0_0 .net "b", 0 0, L_0x93dd70;  1 drivers
v0x93d7c0_0 .net "ci", 0 0, L_0x93deb0;  1 drivers
v0x93d890_0 .var "ck", 0 0;
v0x93d930_0 .net "co", 0 0, L_0x93e110;  1 drivers
v0x93da00_0 .var "i", 2 0;
v0x93daa0_0 .var "rst", 0 0;
v0x93db70_0 .net "s", 0 0, L_0x93e0a0;  1 drivers
L_0x93dcd0 .part v0x93da00_0, 2, 1;
L_0x93dd70 .part v0x93da00_0, 1, 1;
L_0x93deb0 .part v0x93da00_0, 0, 1;
S_0x9144a0 .scope module, "fa" "fa" 2 44, 3 17 0, S_0x914900;
 .timescale -9 -12;
    .port_info 0 /INPUT 1 "ck"
    .port_info 1 /INPUT 1 "rst"
    .port_info 2 /INPUT 1 "a"
    .port_info 3 /INPUT 1 "b"
    .port_info 4 /INPUT 1 "ci"
    .port_info 5 /OUTPUT 1 "s"
    .port_info 6 /OUTPUT 1 "co"
L_0x93e0a0 .functor BUFZ 1, v0x93d110_0, C4<0>, C4<0>, C4<0>;
L_0x93e110 .functor BUFZ 1, v0x93d050_0, C4<0>, C4<0>, C4<0>;
v0x928cd0_0 .net "a", 0 0, L_0x93dcd0;  alias, 1 drivers
v0x93ccf0_0 .net "b", 0 0, L_0x93dd70;  alias, 1 drivers
v0x93cdb0_0 .net "ci", 0 0, L_0x93deb0;  alias, 1 drivers
v0x93ce80_0 .net "ck", 0 0, v0x93d890_0;  1 drivers
v0x93cf40_0 .net "co", 0 0, L_0x93e110;  alias, 1 drivers
v0x93d050_0 .var "r_co", 0 0;
v0x93d110_0 .var "r_s", 0 0;
v0x93d1d0_0 .net "rst", 0 0, v0x93daa0_0;  1 drivers
v0x93d290_0 .net "s", 0 0, L_0x93e0a0;  alias, 1 drivers
E_0x8ef000 .event posedge, v0x93ce80_0;
    .scope S_0x9144a0;
T_0 ;
    %wait E_0x8ef000;
    %load/vec4 v0x93d1d0_0;
    %cmpi/e 1, 0, 1;
    %jmp/0xz  T_0.0, 4;
    %pushi/vec4 0, 0, 1;
    %assign/vec4 v0x93d110_0, 0;
    %pushi/vec4 0, 0, 1;
    %assign/vec4 v0x93d050_0, 0;
    %jmp T_0.1;
T_0.0 ;
    %load/vec4 v0x928cd0_0;
    %load/vec4 v0x93ccf0_0;
    %add;
    %load/vec4 v0x93cdb0_0;
    %add;
    %pad/u 2;
    %split/vec4 1;
    %store/vec4 v0x93d110_0, 0, 1;
    %store/vec4 v0x93d050_0, 0, 1;
T_0.1 ;
    %jmp T_0;
    .thread T_0;
    .scope S_0x914900;
T_1 ;
    %delay 50000, 0;
    %load/vec4 v0x93d890_0;
    %inv;
    %store/vec4 v0x93d890_0, 0, 1;
    %jmp T_1;
    .thread T_1;
    .scope S_0x914900;
T_2 ;
    %vpi_call 2 29 "$dumpfile", "fa_tb.vcd" {0 0 0};
    %vpi_call 2 30 "$dumpvars", 32'sb00000000000000000000000000000000, S_0x914900 {0 0 0};
    %pushi/vec4 0, 0, 1;
    %assign/vec4 v0x93d890_0, 0;
    %pushi/vec4 1, 0, 1;
    %assign/vec4 v0x93daa0_0, 0;
    %pushi/vec4 0, 0, 3;
    %assign/vec4 v0x93da00_0, 0;
    %delay 100000, 0;
    %pushi/vec4 0, 0, 1;
    %assign/vec4 v0x93daa0_0, 0;
    %delay 100000, 0;
    %pushi/vec4 1, 0, 3;
    %assign/vec4 v0x93da00_0, 0;
    %delay 100000, 0;
    %pushi/vec4 2, 0, 3;
    %assign/vec4 v0x93da00_0, 0;
    %delay 100000, 0;
    %pushi/vec4 3, 0, 3;
    %assign/vec4 v0x93da00_0, 0;
    %delay 100000, 0;
    %pushi/vec4 4, 0, 3;
    %assign/vec4 v0x93da00_0, 0;
    %delay 100000, 0;
    %pushi/vec4 5, 0, 3;
    %assign/vec4 v0x93da00_0, 0;
    %delay 100000, 0;
    %pushi/vec4 6, 0, 3;
    %assign/vec4 v0x93da00_0, 0;
    %delay 100000, 0;
    %pushi/vec4 7, 0, 3;
    %assign/vec4 v0x93da00_0, 0;
    %delay 500000, 0;
    %vpi_call 2 41 "$finish" {0 0 0};
    %end;
    .thread T_2;
# The file index is used to find the file name in the following table.
:file_names 4;
    "N/A";
    "<interactive>";
    "fa_tb.v";
    "fa.v";
